2024-04-14 03:41:18,505 INFO [XNIO-1 task-3] m.d.p.audit2 [CompteProResource.java:200] Initiated mobile registration for compteId: 4c973896-5761-41fc-8217-07c5d13a004b
2024-04-14 03:41:18,543 INFO [XNIO-1 task-3] m.d.p.audit2 [CompteProService.java:135] Initiating registration/update for compteId: 4c973896-5761-41fc-8217-07c5d13a004b
2024-04-14 03:41:18,663 ERROR [XNIO-1 task-3] m.d.p.audit2 [CompteProResource.java:210] Failed mobile registration attempt for compteId: 4c973896-5761-41fc-8217-07c5d13a004b
2024-04-14 03:41:38,776 INFO [XNIO-1 task-3] m.d.p.audit2 [CompteProResource.java:200] Initiated mobile registration for compteId: 4c973896-5761-41fc-8217-07c5d13a004b
2024-04-14 03:41:38,778 INFO [XNIO-1 task-3] m.d.p.audit2 [CompteProService.java:135] Initiating registration/update for compteId: 4c973896-5761-41fc-8217-07c5d13a004b
2024-04-14 03:41:38,795 ERROR [XNIO-1 task-3] m.d.p.audit2 [CompteProResource.java:210] Failed mobile registration attempt for compteId: 4c973896-5761-41fc-8217-07c5d13a004b
2024-04-14 03:41:40,226 INFO [XNIO-1 task-3] m.d.p.audit2 [CompteProResource.java:200] Initiated mobile registration for compteId: 4c973896-5761-41fc-8217-07c5d13a004b
2024-04-14 03:41:40,226 INFO [XNIO-1 task-3] m.d.p.audit2 [CompteProService.java:135] Initiating registration/update for compteId: 4c973896-5761-41fc-8217-07c5d13a004b
2024-04-14 03:41:40,240 ERROR [XNIO-1 task-3] m.d.p.audit2 [CompteProResource.java:210] Failed mobile registration attempt for compteId: 4c973896-5761-41fc-8217-07c5d13a004b
2024-04-14 03:50:49,960 INFO [XNIO-1 task-2] m.d.p.audit2 [CompteProResource.java:200] Initiated mobile registration for compteId: 4c973896-5761-41fc-8217-07c5d13a004b
2024-04-14 03:50:49,987 INFO [XNIO-1 task-2] m.d.p.audit2 [CompteProService.java:135] Initiating registration/update for compteId: 4c973896-5761-41fc-8217-07c5d13a004b
2024-04-14 03:50:50,515 INFO [XNIO-1 task-2] m.d.p.audit2 [CompteProService.java:150] Updating existing contact for compteId: 4c973896-5761-41fc-8217-07c5d13a004b
2024-04-14 03:50:50,528 INFO [XNIO-1 task-2] m.d.p.audit2 [CompteProService.java:160] Completed registration/update for compteId: 4c973896-5761-41fc-8217-07c5d13a004b
2024-04-14 03:50:50,671 ERROR [XNIO-1 task-2] m.d.p.audit2 [CompteProResource.java:210] Failed mobile registration attempt for compteId: 4c973896-5761-41fc-8217-07c5d13a004b
2024-04-14 03:54:14,577 INFO [XNIO-1 task-2] m.d.p.audit2 [CompteProResource.java:200] Initiated mobile registration for compteId: 4c973896-5761-41fc-8217-07c5d13a004b
2024-04-14 03:54:14,618 INFO [XNIO-1 task-2] m.d.p.audit2 [CompteProService.java:135] Initiating registration/update for compteId: 4c973896-5761-41fc-8217-07c5d13a004b
2024-04-14 03:54:15,010 INFO [XNIO-1 task-2] m.d.p.audit2 [CompteProService.java:150] Updating existing contact for compteId: 4c973896-5761-41fc-8217-07c5d13a004b
2024-04-14 03:54:15,021 INFO [XNIO-1 task-2] m.d.p.audit2 [CompteProService.java:160] Completed registration/update for compteId: 4c973896-5761-41fc-8217-07c5d13a004b
2024-04-14 03:54:15,090 INFO [XNIO-1 task-2] m.d.p.audit2 [CompteProResource.java:205] Completed mobile registration for compteId: 4c973896-5761-41fc-8217-07c5d13a004b
2024-04-14 16:54:48,950 INFO [XNIO-1 task-6] m.d.p.audit2 [CompteProResource.java:200] Initiated mobile registration for compteId: 4c973896-5761-41fc-8217-07c5d13a004b
2024-04-14 16:54:49,081 INFO [XNIO-1 task-6] m.d.p.audit2 [CompteProService.java:135] Initiating registration/update for compteId: 4c973896-5761-41fc-8217-07c5d13a004b
2024-04-14 16:54:49,584 INFO [XNIO-1 task-6] m.d.p.audit2 [CompteProService.java:150] Updating existing contact for compteId: 4c973896-5761-41fc-8217-07c5d13a004b
2024-04-14 16:54:49,631 INFO [XNIO-1 task-6] m.d.p.audit2 [CompteProService.java:160] Completed registration/update for compteId: 4c973896-5761-41fc-8217-07c5d13a004b
2024-04-14 16:54:49,901 INFO [XNIO-1 task-6] m.d.p.audit2 [CompteProResource.java:205] Completed mobile registration for compteId: 4c973896-5761-41fc-8217-07c5d13a004b
2024-04-14 23:26:35,885 INFO [XNIO-1 task-6] m.d.p.audit2 [CompteProResource.java:200] Initiated mobile registration for compteId: 4c973896-5761-41fc-8217-07c5d13a004b
2024-04-14 23:26:35,890 INFO [XNIO-1 task-6] m.d.p.audit2 [CompteProService.java:135] Initiating registration/update for compteId: 4c973896-5761-41fc-8217-07c5d13a004b
2024-04-14 23:26:35,918 INFO [XNIO-1 task-6] m.d.p.audit2 [CompteProService.java:150] Updating existing contact for compteId: 4c973896-5761-41fc-8217-07c5d13a004b
2024-04-14 23:26:35,931 INFO [XNIO-1 task-6] m.d.p.audit2 [CompteProService.java:160] Completed registration/update for compteId: 4c973896-5761-41fc-8217-07c5d13a004b
2024-04-14 23:26:35,989 INFO [XNIO-1 task-6] m.d.p.audit2 [CompteProResource.java:205] Completed mobile registration for compteId: 4c973896-5761-41fc-8217-07c5d13a004b
