2024-04-13 23:26:06,056 INFO [XNIO-1 task-2] m.d.p.audit [EntrepriseResource.java:86] Tentative de création de l'entreprise : ma.digital.prospace.service.dto.EntrepriseRequest2@33c5dac9
2024-04-13 23:26:06,084 INFO [XNIO-1 task-2] m.d.p.audit [EntrepriseWSMJService.java:40] Attempting to call API URL: https://4f0b2fbc-c27b-40dc-973a-ff95f3930be0.mock.pstmn.io/wsRcPmModel7/PersonneMorale/ADD/1/123456789
2024-04-13 23:26:08,938 DEBUG [XNIO-1 task-2] m.d.p.audit [EntrepriseService.java:192] Vérification du type de l'objet Principal pour l'authentification.
2024-04-13 23:26:08,938 INFO [XNIO-1 task-2] m.d.p.audit [EntrepriseService.java:197] Comparaison de l'identifiant utilisateur JWT avec accountId fourni.
2024-04-13 23:26:11,714 WARN [XNIO-1 task-2] m.d.p.audit [EntrepriseService.java:474] Tentative de création d'entreprise morale échouée via procuration pour 19bcecbc-7076-4b26-b709-c1a959c32f58 - conditions non remplies.
2024-04-13 23:26:11,721 ERROR [XNIO-1 task-2] m.d.p.audit [EntrepriseResource.java:93] Échec de la création de l'entreprise en raison d'une mauvaise demande : 400 BAD_REQUEST, ProblemDetailWithCause[type='https://www.jhipster.tech/problem/problem-with-message', title='Les conditions pour l'autorisation par procuration ne sont pas remplies.', status=400, detail='null', instance='null', properties='{message=error.autorisationNonAccordee, params=procuration}'], Détails: ProblemDetailWithCause[type='https://www.jhipster.tech/problem/problem-with-message', title='Les conditions pour l'autorisation par procuration ne sont pas remplies.', status=400, detail='null', instance='null', properties='{message=error.autorisationNonAccordee, params=procuration}']
2024-04-13 23:34:36,826 INFO [XNIO-1 task-2] m.d.p.audit [EntrepriseResource.java:86] Tentative de création de l'entreprise : ma.digital.prospace.service.dto.EntrepriseRequest2@7cd4de65
2024-04-13 23:34:36,906 INFO [XNIO-1 task-2] m.d.p.audit [EntrepriseWSMJService.java:40] Attempting to call API URL: https://4f0b2fbc-c27b-40dc-973a-ff95f3930be0.mock.pstmn.io/wsRcPmModel7/PersonneMorale/ADD/1/123456789
2024-04-13 23:34:39,568 DEBUG [XNIO-1 task-2] m.d.p.audit [EntrepriseService.java:192] Vérification du type de l'objet Principal pour l'authentification.
2024-04-13 23:34:39,569 INFO [XNIO-1 task-2] m.d.p.audit [EntrepriseService.java:197] Comparaison de l'identifiant utilisateur JWT avec accountId fourni.
2024-04-13 23:34:41,947 WARN [XNIO-1 task-2] m.d.p.audit [EntrepriseService.java:474] Tentative de création d'entreprise morale échouée via procuration pour 19bcecbc-7076-4b26-b709-c1a959c32f58 - conditions non remplies.
2024-04-13 23:34:41,988 ERROR [XNIO-1 task-2] m.d.p.audit [EntrepriseResource.java:92] Échec de la création de l'entreprise en raison d'une mauvaise demande : 400 BAD_REQUEST, ProblemDetailWithCause[type='https://www.jhipster.tech/problem/problem-with-message', title='Les conditions pour l'autorisation par procuration ne sont pas remplies.', status=400, detail='null', instance='null', properties='{message=error.autorisationNonAccordee, params=procuration}'], Détails: ProblemDetailWithCause[type='https://www.jhipster.tech/problem/problem-with-message', title='Les conditions pour l'autorisation par procuration ne sont pas remplies.', status=400, detail='null', instance='null', properties='{message=error.autorisationNonAccordee, params=procuration}']
2024-04-13 23:34:51,288 INFO [XNIO-1 task-2] m.d.p.audit [EntrepriseResource.java:86] Tentative de création de l'entreprise : ma.digital.prospace.service.dto.EntrepriseRequest2@238f386e
2024-04-13 23:34:51,291 INFO [XNIO-1 task-2] m.d.p.audit [EntrepriseWSMJService.java:40] Attempting to call API URL: https://4f0b2fbc-c27b-40dc-973a-ff95f3930be0.mock.pstmn.io/wsRcPmModel7/PersonneMorale/ADD/1/123456789
2024-04-13 23:34:52,727 DEBUG [XNIO-1 task-2] m.d.p.audit [EntrepriseService.java:192] Vérification du type de l'objet Principal pour l'authentification.
2024-04-13 23:34:52,728 INFO [XNIO-1 task-2] m.d.p.audit [EntrepriseService.java:197] Comparaison de l'identifiant utilisateur JWT avec accountId fourni.
2024-04-13 23:34:54,074 WARN [XNIO-1 task-2] m.d.p.audit [EntrepriseService.java:474] Tentative de création d'entreprise morale échouée via procuration pour 19bcecbc-7076-4b26-b709-c1a959c32f58 - conditions non remplies.
2024-04-13 23:34:54,079 ERROR [XNIO-1 task-2] m.d.p.audit [EntrepriseResource.java:92] Échec de la création de l'entreprise en raison d'une mauvaise demande : 400 BAD_REQUEST, ProblemDetailWithCause[type='https://www.jhipster.tech/problem/problem-with-message', title='Les conditions pour l'autorisation par procuration ne sont pas remplies.', status=400, detail='null', instance='null', properties='{message=error.autorisationNonAccordee, params=procuration}'], Détails: ProblemDetailWithCause[type='https://www.jhipster.tech/problem/problem-with-message', title='Les conditions pour l'autorisation par procuration ne sont pas remplies.', status=400, detail='null', instance='null', properties='{message=error.autorisationNonAccordee, params=procuration}']
2024-04-13 23:41:20,241 INFO [XNIO-1 task-2] m.d.p.audit [EntrepriseResource.java:86] Tentative de création de l'entreprise : ma.digital.prospace.service.dto.EntrepriseRequest2@1d33ed1a
2024-04-13 23:41:20,306 INFO [XNIO-1 task-2] m.d.p.audit [EntrepriseWSMJService.java:40] Attempting to call API URL: https://4f0b2fbc-c27b-40dc-973a-ff95f3930be0.mock.pstmn.io/wsRcPmModel7/PersonneMorale/ADD/1/123456789
2024-04-13 23:41:22,390 DEBUG [XNIO-1 task-2] m.d.p.audit [EntrepriseService.java:192] Vérification du type de l'objet Principal pour l'authentification.
2024-04-13 23:41:22,391 INFO [XNIO-1 task-2] m.d.p.audit [EntrepriseService.java:197] Comparaison de l'identifiant utilisateur JWT avec accountId fourni.
2024-04-13 23:41:24,536 WARN [XNIO-1 task-2] m.d.p.audit [EntrepriseService.java:474] Tentative de création d'entreprise morale échouée via procuration pour 19bcecbc-7076-4b26-b709-c1a959c32f58 - conditions non remplies.
2024-04-13 23:41:24,554 ERROR [XNIO-1 task-2] m.d.p.audit [EntrepriseResource.java:92] Échec de la création de l'entreprise en raison d'une mauvaise demande : 400 BAD_REQUEST, ProblemDetailWithCause[type='https://www.jhipster.tech/problem/problem-with-message', title='Les conditions pour l'autorisation par procuration ne sont pas remplies.', status=400, detail='null', instance='null', properties='{message=error.autorisationNonAccordee, params=procuration}'], Détails: ProblemDetailWithCause[type='https://www.jhipster.tech/problem/problem-with-message', title='Les conditions pour l'autorisation par procuration ne sont pas remplies.', status=400, detail='null', instance='null', properties='{message=error.autorisationNonAccordee, params=procuration}']
2024-04-13 23:45:18,459 INFO [XNIO-1 task-2] m.d.p.audit [EntrepriseResource.java:86] Tentative de création de l'entreprise : ma.digital.prospace.service.dto.EntrepriseRequest2@44d234a7
2024-04-13 23:45:18,478 INFO [XNIO-1 task-2] m.d.p.audit [EntrepriseWSMJService.java:40] Attempting to call API URL: https://4f0b2fbc-c27b-40dc-973a-ff95f3930be0.mock.pstmn.io/wsRcPmModel7/PersonneMorale/ADD/1/123456789
2024-04-13 23:45:23,138 DEBUG [XNIO-1 task-2] m.d.p.audit [EntrepriseService.java:192] Vérification du type de l'objet Principal pour l'authentification.
2024-04-13 23:45:23,139 INFO [XNIO-1 task-2] m.d.p.audit [EntrepriseService.java:197] Comparaison de l'identifiant utilisateur JWT avec accountId fourni.
2024-04-13 23:45:24,416 WARN [XNIO-1 task-2] m.d.p.audit [EntrepriseService.java:474] Tentative de création d'entreprise morale échouée via procuration pour 19bcecbc-7076-4b26-b709-c1a959c32f58 - conditions non remplies.
2024-04-13 23:45:24,428 ERROR [XNIO-1 task-2] m.d.p.audit [EntrepriseResource.java:92] Échec de la création de l'entreprise en raison d'une mauvaise demande : 400 BAD_REQUEST, ProblemDetailWithCause[type='https://www.jhipster.tech/problem/problem-with-message', title='Les conditions pour l'autorisation par procuration ne sont pas remplies.', status=400, detail='null', instance='null', properties='{message=error.autorisationNonAccordee, params=procuration}'], Détails: ProblemDetailWithCause[type='https://www.jhipster.tech/problem/problem-with-message', title='Les conditions pour l'autorisation par procuration ne sont pas remplies.', status=400, detail='null', instance='null', properties='{message=error.autorisationNonAccordee, params=procuration}']
2024-04-13 23:50:53,491 INFO [XNIO-1 task-2] m.d.p.audit [EntrepriseResource.java:86] Tentative de création de l'entreprise : ma.digital.prospace.service.dto.EntrepriseRequest2@60ed3641
2024-04-13 23:50:53,554 INFO [XNIO-1 task-2] m.d.p.audit [EntrepriseWSMJService.java:40] Attempting to call API URL: https://4f0b2fbc-c27b-40dc-973a-ff95f3930be0.mock.pstmn.io/wsRcPmModel7/PersonneMorale/ADD/1/123456789
2024-04-13 23:51:04,042 DEBUG [XNIO-1 task-2] m.d.p.audit [EntrepriseService.java:192] Vérification du type de l'objet Principal pour l'authentification.
2024-04-13 23:51:04,043 INFO [XNIO-1 task-2] m.d.p.audit [EntrepriseService.java:197] Comparaison de l'identifiant utilisateur JWT avec accountId fourni.
2024-04-13 23:51:04,966 WARN [XNIO-1 task-2] m.d.p.audit [EntrepriseService.java:474] Tentative de création d'entreprise morale échouée via procuration pour 19bcecbc-7076-4b26-b709-c1a959c32f58 - conditions non remplies.
2024-04-13 23:51:04,989 ERROR [XNIO-1 task-2] m.d.p.audit [EntrepriseResource.java:92] Échec de la création de l'entreprise en raison d'une mauvaise demande : 400 BAD_REQUEST, ProblemDetailWithCause[type='https://www.jhipster.tech/problem/problem-with-message', title='Les conditions pour l'autorisation par procuration ne sont pas remplies.', status=400, detail='null', instance='null', properties='{message=error.autorisationNonAccordee, params=procuration}'], Détails: ProblemDetailWithCause[type='https://www.jhipster.tech/problem/problem-with-message', title='Les conditions pour l'autorisation par procuration ne sont pas remplies.', status=400, detail='null', instance='null', properties='{message=error.autorisationNonAccordee, params=procuration}']
2024-04-13 23:59:50,490 INFO [XNIO-1 task-6] m.d.p.audit [EntrepriseResource.java:86] Tentative de création de l'entreprise : ma.digital.prospace.service.dto.EntrepriseRequest2@62c6639d
2024-04-13 23:59:50,656 INFO [XNIO-1 task-6] m.d.p.audit [EntrepriseWSMJService.java:40] Attempting to call API URL: https://4f0b2fbc-c27b-40dc-973a-ff95f3930be0.mock.pstmn.io/wsRcPmModel7/PersonneMorale/ADD/1/123456789
2024-04-13 23:59:53,913 DEBUG [XNIO-1 task-6] m.d.p.audit [EntrepriseService.java:192] Vérification du type de l'objet Principal pour l'authentification.
2024-04-13 23:59:53,915 INFO [XNIO-1 task-6] m.d.p.audit [EntrepriseService.java:197] Comparaison de l'identifiant utilisateur JWT avec accountId fourni.
2024-04-13 23:59:55,926 WARN [XNIO-1 task-6] m.d.p.audit [EntrepriseService.java:474] Tentative de création d'entreprise morale échouée via procuration pour 19bcecbc-7076-4b26-b709-c1a959c32f58 - conditions non remplies.
2024-04-13 23:59:55,950 ERROR [XNIO-1 task-6] m.d.p.audit [EntrepriseResource.java:92] Échec de la création de l'entreprise en raison d'une mauvaise demande : 400 BAD_REQUEST, ProblemDetailWithCause[type='https://www.jhipster.tech/problem/problem-with-message', title='Les conditions pour l'autorisation par procuration ne sont pas remplies.', status=400, detail='null', instance='null', properties='{message=error.autorisationNonAccordee, params=procuration}'], Détails: ProblemDetailWithCause[type='https://www.jhipster.tech/problem/problem-with-message', title='Les conditions pour l'autorisation par procuration ne sont pas remplies.', status=400, detail='null', instance='null', properties='{message=error.autorisationNonAccordee, params=procuration}']
