2024-04-12 23:38:26,509 INFO [XNIO-1 task-2] m.d.p.audit [EntrepriseResource.java:87] Attempting to create company: ma.digital.prospace.service.dto.EntrepriseRequest2@2ce6a850
2024-04-12 23:38:26,620 INFO [XNIO-1 task-2] m.d.p.audit [EntrepriseService.java:334] Création d'une entreprise pour une personne morale.
2024-04-12 23:38:29,027 INFO [XNIO-1 task-2] m.d.p.audit [EntrepriseResource.java:90] Successfully created company with NumRC: 134
2024-04-12 23:41:02,238 INFO [XNIO-1 task-6] m.d.p.audit [EntrepriseResource.java:87] Attempting to create company: ma.digital.prospace.service.dto.EntrepriseRequest2@3bb7a1f1
2024-04-12 23:41:02,269 INFO [XNIO-1 task-6] m.d.p.audit [EntrepriseService.java:334] Création d'une entreprise pour une personne morale.
2024-04-12 23:41:03,142 INFO [XNIO-1 task-6] m.d.p.audit [EntrepriseResource.java:90] Successfully created company with NumRC: 134
2024-04-12 23:41:43,829 INFO [XNIO-1 task-6] m.d.p.audit [EntrepriseResource.java:87] Attempting to create company: ma.digital.prospace.service.dto.EntrepriseRequest2@4e1a300b
2024-04-12 23:41:43,831 INFO [XNIO-1 task-6] m.d.p.audit [EntrepriseService.java:334] Création d'une entreprise pour une personne morale.
2024-04-12 23:41:45,379 DEBUG [XNIO-1 task-6] m.d.p.audit [EntrepriseService.java:189] Vérification du type de l'objet Principal pour l'authentification.
2024-04-12 23:41:45,379 INFO [XNIO-1 task-6] m.d.p.audit [EntrepriseService.java:194] Comparaison de l'identifiant utilisateur JWT avec accountId fourni.
2024-04-12 23:41:45,608 INFO [XNIO-1 task-6] m.d.p.audit [EntrepriseService.java:433] Nouvelle entreprise morale créée avec succès par 19bcecbc-7076-4b26-b709-c1a959c32f58 pour le tribunal 1 et le numéro RC 123456789
2024-04-12 23:41:45,695 INFO [XNIO-1 task-6] m.d.p.audit [EntrepriseResource.java:90] Successfully created company with NumRC: 123456789
2024-04-12 23:41:50,251 INFO [XNIO-1 task-6] m.d.p.audit [EntrepriseResource.java:87] Attempting to create company: ma.digital.prospace.service.dto.EntrepriseRequest2@2c3ca071
2024-04-12 23:41:50,252 INFO [XNIO-1 task-6] m.d.p.audit [EntrepriseService.java:334] Création d'une entreprise pour une personne morale.
2024-04-12 23:41:50,943 DEBUG [XNIO-1 task-6] m.d.p.audit [EntrepriseService.java:189] Vérification du type de l'objet Principal pour l'authentification.
2024-04-12 23:41:50,943 INFO [XNIO-1 task-6] m.d.p.audit [EntrepriseService.java:194] Comparaison de l'identifiant utilisateur JWT avec accountId fourni.
2024-04-12 23:41:50,948 INFO [XNIO-1 task-6] m.d.p.audit [EntrepriseService.java:433] Nouvelle entreprise morale créée avec succès par 19bcecbc-7076-4b26-b709-c1a959c32f58 pour le tribunal 1 et le numéro RC 12345678
2024-04-12 23:41:50,953 INFO [XNIO-1 task-6] m.d.p.audit [EntrepriseResource.java:90] Successfully created company with NumRC: 12345678
2024-04-12 23:51:13,249 INFO [XNIO-1 task-2] m.d.p.audit [EntrepriseResource.java:87] Attempting to create company: ma.digital.prospace.service.dto.EntrepriseRequest2@5524a32f
2024-04-12 23:51:13,273 INFO [XNIO-1 task-2] m.d.p.audit [EntrepriseService.java:334] Création d'une entreprise pour une personne morale.
2024-04-12 23:51:14,968 DEBUG [XNIO-1 task-2] m.d.p.audit [EntrepriseService.java:189] Vérification du type de l'objet Principal pour l'authentification.
2024-04-12 23:51:14,969 INFO [XNIO-1 task-2] m.d.p.audit [EntrepriseService.java:194] Comparaison de l'identifiant utilisateur JWT avec accountId fourni.
2024-04-12 23:51:15,125 INFO [XNIO-1 task-2] m.d.p.audit [EntrepriseService.java:435] Nouvelle entreprise morale créée avec succès par 19bcecbc-7076-4b26-b709-c1a959c32f58 pour le tribunal 1 et le numéro RC 12345678
2024-04-12 23:51:15,222 INFO [XNIO-1 task-2] m.d.p.audit [EntrepriseResource.java:90] Successfully created company with NumRC: 12345678
2024-04-12 23:51:25,192 INFO [XNIO-1 task-2] m.d.p.audit [EntrepriseResource.java:87] Attempting to create company: ma.digital.prospace.service.dto.EntrepriseRequest2@1112ea8a
2024-04-12 23:51:25,193 INFO [XNIO-1 task-2] m.d.p.audit [EntrepriseService.java:334] Création d'une entreprise pour une personne morale.
2024-04-12 23:51:25,779 INFO [XNIO-1 task-2] m.d.p.audit [EntrepriseResource.java:90] Successfully created company with NumRC: 134
2024-04-12 23:53:10,857 INFO [XNIO-1 task-2] m.d.p.audit [EntrepriseResource.java:87] Attempting to create company: ma.digital.prospace.service.dto.EntrepriseRequest2@22614bd7
2024-04-12 23:53:10,886 INFO [XNIO-1 task-2] m.d.p.audit [EntrepriseService.java:334] Création d'une entreprise pour une personne morale.
2024-04-12 23:54:19,745 INFO [XNIO-1 task-2] m.d.p.audit [EntrepriseResource.java:90] Successfully created company with NumRC: 134
2024-04-12 23:54:58,358 INFO [XNIO-1 task-2] m.d.p.audit [EntrepriseResource.java:87] Attempting to create company: ma.digital.prospace.service.dto.EntrepriseRequest2@2466170f
2024-04-12 23:54:58,382 INFO [XNIO-1 task-2] m.d.p.audit [EntrepriseService.java:334] Création d'une entreprise pour une personne morale.
2024-04-12 23:54:59,686 INFO [XNIO-1 task-2] m.d.p.audit [EntrepriseResource.java:90] Successfully created company with NumRC: 134
2024-04-12 23:56:34,416 INFO [XNIO-1 task-5] m.d.p.audit [EntrepriseResource.java:87] Attempting to create company: ma.digital.prospace.service.dto.EntrepriseRequest2@266b8d62
2024-04-12 23:56:34,438 INFO [XNIO-1 task-5] m.d.p.audit [EntrepriseService.java:334] Création d'une entreprise pour une personne morale.
2024-04-12 23:56:35,239 INFO [XNIO-1 task-5] m.d.p.audit [EntrepriseResource.java:90] Successfully created company with NumRC: 134
