2024-05-16 16:52:18,028 INFO [http-nio-8091-exec-6] m.d.p.audit [EntrepriseResource.java:87]    - Method called:  - Tentative de création de l'entreprise : ma.digital.prospace.service.dto.EntrepriseRequest2@618fed9
2024-05-16 16:53:45,088 INFO [http-nio-8091-exec-10] m.d.p.audit [EntrepriseResource.java:87]    - Method called:  - Tentative de création de l'entreprise : ma.digital.prospace.service.dto.EntrepriseRequest2@3cbdb9d
2024-05-16 16:56:23,809 INFO [http-nio-8091-exec-1] m.d.p.audit [EntrepriseResource.java:87]    - Method called:  - Tentative de création de l'entreprise : ma.digital.prospace.service.dto.EntrepriseRequest2@976055d
2024-05-16 17:08:18,300 INFO [http-nio-8091-exec-4] m.d.p.audit [EntrepriseResource.java:87]    - Method called:  - Tentative de création de l'entreprise : ma.digital.prospace.service.dto.EntrepriseRequest2@5c6f5a69
2024-05-16 17:08:19,771 INFO [http-nio-8091-exec-5] m.d.p.audit [EntrepriseResource.java:87]    - Method called:  - Tentative de création de l'entreprise : ma.digital.prospace.service.dto.EntrepriseRequest2@3f037e3e
2024-05-16 17:37:58,311 INFO [http-nio-8091-exec-1] m.d.p.audit [EntrepriseResource.java:87]    - Method called:  - Tentative de création de l'entreprise : ma.digital.prospace.service.dto.EntrepriseRequest2@5474c512
2024-05-16 17:39:55,722 INFO [http-nio-8091-exec-1] m.d.p.audit [EntrepriseResource.java:87]    - Method called:  - Tentative de création de l'entreprise : ma.digital.prospace.service.dto.EntrepriseRequest2@49c53857
2024-05-16 17:40:02,927 INFO [http-nio-8091-exec-7] m.d.p.audit [EntrepriseResource.java:87]    - Method called:  - Tentative de création de l'entreprise : ma.digital.prospace.service.dto.EntrepriseRequest2@173e1261
2024-05-16 17:45:12,756 INFO [http-nio-8091-exec-1] m.d.p.audit [EntrepriseResource.java:87]    - Method called:  - Tentative de création de l'entreprise : ma.digital.prospace.service.dto.EntrepriseRequest2@1688d15d
2024-05-16 17:46:02,286 INFO [http-nio-8091-exec-7] m.d.p.audit [EntrepriseResource.java:87]    - Method called:  - Tentative de création de l'entreprise : ma.digital.prospace.service.dto.EntrepriseRequest2@2c6dc2b4
2024-05-16 17:46:04,190 INFO [http-nio-8091-exec-5] m.d.p.audit [EntrepriseResource.java:87]    - Method called:  - Tentative de création de l'entreprise : ma.digital.prospace.service.dto.EntrepriseRequest2@29972952
2024-05-16 17:46:06,017 INFO [http-nio-8091-exec-8] m.d.p.audit [EntrepriseResource.java:87]    - Method called:  - Tentative de création de l'entreprise : ma.digital.prospace.service.dto.EntrepriseRequest2@391ce844
2024-05-16 17:50:14,524 INFO [http-nio-8091-exec-5] m.d.p.audit [EntrepriseResource.java:87]    - Method called:  - Tentative de création de l'entreprise : ma.digital.prospace.service.dto.EntrepriseRequest2@4a6362d5
2024-05-16 17:50:54,853 INFO [http-nio-8091-exec-2] m.d.p.audit [EntrepriseResource.java:87]    - Method called:  - Tentative de création de l'entreprise : ma.digital.prospace.service.dto.EntrepriseRequest2@debf0f3
2024-05-16 17:53:21,918 INFO [http-nio-8091-exec-1] m.d.p.audit [EntrepriseResource.java:87]    - Method called:  - Tentative de création de l'entreprise : ma.digital.prospace.service.dto.EntrepriseRequest2@6d65d43a
2024-05-16 17:54:43,443 INFO [http-nio-8091-exec-1] m.d.p.audit [EntrepriseResource.java:87]    - Method called:  - Tentative de création de l'entreprise : ma.digital.prospace.service.dto.EntrepriseRequest2@45732276
2024-05-16 17:56:09,158 INFO [http-nio-8091-exec-2] m.d.p.audit [EntrepriseResource.java:86]    - Method called:  - Tentative de création de l'entreprise : ma.digital.prospace.service.dto.EntrepriseRequest2@67012eef
2024-05-16 17:56:22,652 INFO [http-nio-8091-exec-4] m.d.p.audit [EntrepriseResource.java:86]    - Method called:  - Tentative de création de l'entreprise : ma.digital.prospace.service.dto.EntrepriseRequest2@311bc290
2024-05-16 17:56:37,813 INFO [http-nio-8091-exec-5] m.d.p.audit [EntrepriseResource.java:86]    - Method called:  - Tentative de création de l'entreprise : ma.digital.prospace.service.dto.EntrepriseRequest2@41493fd7
2024-05-16 18:01:27,436 INFO [http-nio-8091-exec-3] m.d.p.audit [EntrepriseResource.java:87]    - Method called:  - Tentative de création de l'entreprise : ma.digital.prospace.service.dto.EntrepriseRequest2@2f5c8a48
2024-05-16 18:04:37,701 INFO [http-nio-8091-exec-2] m.d.p.audit [EntrepriseResource.java:87]    - Method called:  - Tentative de création de l'entreprise : ma.digital.prospace.service.dto.EntrepriseRequest2@3b702a83
2024-05-16 18:06:14,561 INFO [http-nio-8091-exec-2] m.d.p.audit [EntrepriseResource.java:87]    - Method called:  - Tentative de création de l'entreprise : ma.digital.prospace.service.dto.EntrepriseRequest2@4805f5ef
2024-05-16 18:06:21,515 INFO [http-nio-8091-exec-3] m.d.p.audit [EntrepriseResource.java:87]    - Method called:  - Tentative de création de l'entreprise : ma.digital.prospace.service.dto.EntrepriseRequest2@5429afe9
2024-05-16 18:08:21,715 INFO [http-nio-8091-exec-7] m.d.p.audit [EntrepriseResource.java:87]    - Method called:  - Tentative de création de l'entreprise : ma.digital.prospace.service.dto.EntrepriseRequest2@1fa4605c
2024-05-16 18:08:21,735 INFO [http-nio-8091-exec-7] m.d.p.audit [EntrepriseWSMJService.java:94] anonymousUser 0:0:0:0:0:0:0:1  - Method called: EntrepriseWSMJService.getBycodeJuridictionAndnumRC(..) - Attempting to call API URL: https://0474c1d3-c5c9-412a-bd2f-86e7f459ab4f.mock.pstmn.io/wsRcPpModel7/PersonnePhysique/ADD/1/1234567890
2024-05-16 18:08:23,012 INFO [http-nio-8091-exec-7] m.d.p.audit [EntrepriseWSMJService.java:113] anonymousUser 0:0:0:0:0:0:0:1  - Method called: EntrepriseWSMJService.getBycodeJuridictionAndnumRC(..) - Successfully parsed JSON for codeJuridiction: 1, numRC: 1234567890
2024-05-16 18:34:51,040 INFO [http-nio-8091-exec-1] m.d.p.audit [EntrepriseResource.java:87]    - Method called:  - Tentative de création de l'entreprise : ma.digital.prospace.service.dto.EntrepriseRequest2@35ef0c92
2024-05-16 18:34:51,058 INFO [http-nio-8091-exec-1] m.d.p.audit [EntrepriseWSMJService.java:94] anonymousUser 0:0:0:0:0:0:0:1  - Method called: EntrepriseWSMJService.getBycodeJuridictionAndnumRC(..) - Attempting to call API URL: https://0474c1d3-c5c9-412a-bd2f-86e7f459ab4f.mock.pstmn.io/wsRcPpModel7/PersonnePhysique/ADD/1/1234567890
2024-05-16 18:34:52,207 INFO [http-nio-8091-exec-1] m.d.p.audit [EntrepriseWSMJService.java:113] anonymousUser 0:0:0:0:0:0:0:1  - Method called: EntrepriseWSMJService.getBycodeJuridictionAndnumRC(..) - Successfully parsed JSON for codeJuridiction: 1, numRC: 1234567890
2024-05-16 18:34:53,365 INFO [http-nio-8091-exec-1] m.d.p.audit [EntrepriseService.java:406] anonymousUser 0:0:0:0:0:0:0:1  - Method called: TribunalWSMJService.getListeTribunaux() - Déjà créé par
2024-05-16 18:34:53,393 INFO [http-nio-8091-exec-1] m.d.p.audit [EntrepriseService.java:509] anonymousUser 0:0:0:0:0:0:0:1  - Method called: TribunalWSMJService.getListeTribunaux() - Nouvelle entreprise créée avec succès par f47ac10b-58cc-4372-a567-0e02b2c3d479 pour le tribunal 1 et le numéro RC 1234567890
2024-05-16 18:34:53,394 INFO [http-nio-8091-exec-1] m.d.p.audit [EntrepriseService.java:510] anonymousUser 0:0:0:0:0:0:0:1  - Method called: TribunalWSMJService.getListeTribunaux() - Successfully created company with NumRC: 1234567890
2024-05-16 18:34:53,470 INFO [http-nio-8091-exec-1] m.d.p.audit [EntrepriseResource.java:93] anonymousUser 0:0:0:0:0:0:0:1  - Method called: TribunalWSMJService.getListeTribunaux() - Entreprise créée avec succès avec le NumRC : 1234567890
